<?xml version="1.0" encoding="UTF-8"?>
<testsuite xmlns:xsi="http://www.w3.org/2001/XMLSchema-instance" xsi:noNamespaceSchemaLocation="https://maven.apache.org/surefire/maven-surefire-plugin/xsd/surefire-test-report.xsd" name="com.scholastic.srmapi.controller.advice.ExceptionHandlerAdviceTest" time="0" tests="4" errors="0" skipped="0" failures="0">
  <properties>
[...]
</properties>
  <testcase name="handleException_notFound" classname="com.scholastic.srmapi.controller.advice.ExceptionHandlerAdviceTest" time="0"/>
  <testcase name="handleInternalException_serverException" classname="com.scholastic.srmapi.controller.advice.ExceptionHandlerAdviceTest" time="0"/>
  <testcase name="handleUnauthorizedException_unauthorized" classname="com.scholastic.srmapi.controller.advice.ExceptionHandlerAdviceTest" time="0"/>
  <testcase name="handleJwtException_badSession" classname="com.scholastic.srmapi.controller.advice.ExceptionHandlerAdviceTest" time="0"/>
</testsuite>